\BOOKMARK [0][-]{chapter.1}{\376\377\000B\000r\000o\000w\000n\000i\000a\000n\000\040\000m\000o\000t\000i\000o\000n\000\040\000a\000n\000d\000\040\000M\000a\000r\000t\000i\000n\000g\000a\000l\000e}{}% 1
\BOOKMARK [1][-]{section.1.1}{\376\377\000P\000r\000o\000b\000a\000b\000i\000l\000i\000s\000t\000i\000c\000\040\000t\000e\000r\000m\000i\000n\000o\000l\000o\000g\000y}{chapter.1}% 2
\BOOKMARK [1][-]{section.1.2}{\376\377\000B\000r\000o\000w\000n\000i\000a\000n\000\040\000m\000o\000t\000i\000o\000n}{chapter.1}% 3
\BOOKMARK [1][-]{section.1.3}{\376\377\000M\000a\000r\000t\000i\000n\000g\000a\000l\000e}{chapter.1}% 4
\BOOKMARK [1][-]{section.1.4}{\376\377\000S\000t\000o\000c\000h\000a\000s\000t\000i\000c\000\040\000I\000n\000t\000e\000g\000r\000a\000l}{chapter.1}% 5
\BOOKMARK [1][-]{section.1.5}{\376\377\000I\000t\000\364\000'\000s\000\040\000f\000o\000r\000m\000u\000l\000a\000\040\000a\000n\000d\000\040\000i\000t\000s\000\040\000a\000p\000p\000l\000i\000c\000a\000t\000i\000o\000n\000s}{chapter.1}% 6
\BOOKMARK [2][-]{subsection.1.5.1}{\376\377\000A\000p\000p\000l\000i\000c\000a\000t\000i\000o\000n\000s\000\040\000i\000n\000\040\000m\000a\000r\000t\000i\000n\000g\000a\000l\000e\000\040\000t\000h\000e\000o\000r\000y}{section.1.5}% 7
\BOOKMARK [2][-]{subsection.1.5.2}{\376\377\000A\000p\000p\000l\000i\000c\000a\000t\000i\000o\000n\000s\000\040\000i\000n\000\040\000P\000D\000E\000s}{section.1.5}% 8
\BOOKMARK [0][-]{chapter.2}{\376\377\000I\000t\000\364\000\040\000p\000r\000o\000c\000e\000s\000s\000e\000s}{}% 9
\BOOKMARK [1][-]{section.2.1}{\376\377\000S\000u\000p\000p\000o\000r\000t\000\040\000t\000h\000e\000o\000r\000e\000m}{chapter.2}% 10
\BOOKMARK [1][-]{section.2.2}{\376\377\000A\000B\000P\000\040\000e\000s\000t\000i\000m\000a\000t\000e\000\040\000a\000n\000d\000\040\000G\000e\000n\000e\000r\000a\000l\000i\000z\000e\000d\000\040\000I\000t\000\364\000'\000s\000\040\000f\000o\000r\000m\000u\000l\000a}{chapter.2}% 11
\BOOKMARK [0][-]{chapter.3}{\376\377\000I\000t\000\364\000'\000s\000\040\000s\000t\000o\000c\000a\000h\000s\000t\000i\000c\000\040\000d\000i\000f\000f\000e\000r\000e\000n\000t\000i\000a\000l\000\040\000e\000q\000u\000a\000t\000i\000o\000n\000s}{}% 12
\BOOKMARK [1][-]{section.3.1}{\376\377\000S\000t\000r\000o\000n\000g\000\040\000s\000o\000l\000u\000t\000i\000o\000n\000s}{chapter.3}% 13
\BOOKMARK [2][-]{subsection.3.1.1}{\376\377\000L\000i\000p\000s\000c\000h\000i\000t\000z\000\040\000c\000o\000n\000d\000i\000t\000i\000o\000n\000s}{section.3.1}% 14
\BOOKMARK [2][-]{subsection.3.1.2}{\376\377\000D\000e\000f\000i\000n\000i\000t\000i\000o\000n\000s\000\040\000o\000f\000\040\000s\000o\000l\000u\000t\000i\000o\000n\000s}{section.3.1}% 15
\BOOKMARK [2][-]{subsection.3.1.3}{\376\377\000S\000D\000E\000s\000\040\000w\000i\000t\000h\000\040\000H\000\366\000l\000d\000e\000r\000\040\000d\000r\000i\000f\000t\000s}{section.3.1}% 16
\BOOKMARK [2][-]{subsection.3.1.4}{\376\377\000S\000t\000o\000c\000h\000a\000s\000t\000i\000c\000\040\000F\000l\000o\000w}{section.3.1}% 17
\BOOKMARK [1][-]{section.3.2}{\376\377\000W\000e\000a\000k\000\040\000s\000o\000l\000u\000t\000i\000o\000n\000s}{chapter.3}% 18
\BOOKMARK [2][-]{subsection.3.2.1}{\376\377\000U\000n\000i\000q\000u\000e\000n\000e\000s\000s\000\040\000i\000n\000\040\000l\000a\000w}{section.3.2}% 19
\BOOKMARK [2][-]{subsection.3.2.2}{\376\377\000M\000a\000r\000k\000o\000v\000\040\000p\000r\000o\000p\000e\000r\000t\000i\000e\000s}{section.3.2}% 20
\BOOKMARK [0][-]{chapter.4}{\376\377\000A\000p\000p\000l\000i\000c\000a\000t\000i\000o\000n\000s\000\040\000t\000o\000\040\000E\000l\000l\000i\000p\000t\000i\000c\000\040\000P\000D\000E\000s}{}% 21
\BOOKMARK [1][-]{section.4.1}{\376\377\000D\000i\000r\000i\000c\000h\000l\000e\000t\000\040\000P\000r\000o\000b\000l\000e\000m\000s\000\040\000a\000n\000d\000\040\000H\000a\000r\000m\000o\000n\000i\000c\000\040\000f\000u\000n\000c\000t\000i\000o\000n\000s}{chapter.4}% 22
\BOOKMARK [1][-]{section.4.2}{\376\377\000O\000n\000c\000e\000\040\000a\000g\000a\000i\000n\000\040\000o\000n\000\040\000t\000h\000e\000\040\000h\000i\000t\000t\000i\000n\000g\000\040\000p\000r\000o\000b\000a\000b\000i\000l\000i\000t\000y}{chapter.4}% 23
\BOOKMARK [1][-]{section.4.3}{\376\377\000H\000a\000r\000n\000a\000c\000k\000\040\000I\000n\000e\000q\000u\000a\000l\000i\000t\000y\000\040\000a\000n\000d\000\040\000H\000\366\000l\000d\000e\000r\000\040\000e\000s\000t\000i\000m\000a\000t\000e}{chapter.4}% 24
\BOOKMARK [0][-]{chapter.5}{\376\377\000M\000a\000l\000l\000i\000a\000v\000i\000n\000'\000s\000\040\000p\000r\000o\000o\000f\000\040\000o\000f\000\040\000H\000\366\000r\000m\000a\000n\000d\000e\000r\000'\000s\000\040\000T\000h\000e\000o\000r\000e\000m}{}% 25
\BOOKMARK [1][-]{section.5.1}{\376\377\000I\000n\000t\000e\000g\000r\000a\000t\000i\000o\000n\000\040\000b\000y\000\040\000p\000a\000r\000t\000s}{chapter.5}% 26
\BOOKMARK [1][-]{section.5.2}{}{chapter.5}% 27
\BOOKMARK [1][-]{section.5.3}{\376\377\000H\000\366\000r\000m\000a\000n\000d\000e\000r\000'\000s\000\040\000T\000h\000e\000o\000r\000e\000m}{chapter.5}% 28
\BOOKMARK [0][-]{appendix.A}{\376\377\000U\000s\000e\000f\000u\000l\000\040\000f\000a\000c\000t\000s}{}% 29
\BOOKMARK [1][-]{section.A.1}{\376\377\000S\000o\000b\000o\000l\000e\000v\000\040\000s\000p\000a\000c\000e\000s}{appendix.A}% 30
\BOOKMARK [1][-]{section.A.2}{\376\377\000S\000i\000n\000g\000u\000l\000a\000r\000\040\000i\000n\000t\000e\000g\000r\000a\000l}{appendix.A}% 31
\BOOKMARK [1][-]{section.A.3}{\376\377\000I\000n\000t\000e\000r\000p\000o\000l\000a\000t\000i\000o\000n\000\040\000T\000h\000e\000o\000r\000e\000m\000s}{appendix.A}% 32
\BOOKMARK [0][-]{appendix.B}{\376\377\000S\000o\000m\000e\000\040\000b\000a\000s\000i\000c\000\040\000r\000e\000s\000u\000l\000t\000s\000\040\000o\000f\000\040\000P\000D\000E\000s}{}% 33
\BOOKMARK [1][-]{section.B.1}{\376\377\000M\000o\000n\000g\000e\000-\000A\000m\000p\000\350\000r\000e\000\040\000E\000q\000u\000a\000t\000i\000o\000n}{appendix.B}% 34
\BOOKMARK [1][-]{section.B.2}{\376\377\000S\000c\000h\000a\000u\000d\000e\000r\000\040\000e\000s\000t\000i\000m\000a\000t\000e}{appendix.B}% 35
